# energy/meV  VibDOS 
-5.99951e+02   2.17312e-05
-5.98451e+02   2.18004e-05
-5.96951e+02   2.18699e-05
-5.95451e+02   2.19398e-05
-5.93951e+02   2.20101e-05
-5.92451e+02   2.20807e-05
-5.90951e+02   2.21516e-05
-5.89451e+02   2.22229e-05
-5.87951e+02   2.22945e-05
-5.86451e+02   2.23665e-05
-5.84951e+02   2.24389e-05
-5.83451e+02   2.25116e-05
-5.81951e+02   2.25846e-05
-5.80451e+02   2.26581e-05
-5.78951e+02   2.27319e-05
-5.77451e+02   2.28061e-05
-5.75951e+02   2.28806e-05
-5.74451e+02   2.29556e-05
-5.72951e+02   2.30309e-05
-5.71451e+02   2.31066e-05
-5.69951e+02   2.31827e-05
-5.68451e+02   2.32591e-05
-5.66951e+02   2.33360e-05
-5.65451e+02   2.34132e-05
-5.63951e+02   2.34909e-05
-5.62451e+02   2.35689e-05
-5.60951e+02   2.36474e-05
-5.59451e+02   2.37262e-05
-5.57951e+02   2.38055e-05
-5.56451e+02   2.38851e-05
-5.54951e+02   2.39652e-05
-5.53451e+02   2.40457e-05
-5.51951e+02   2.41266e-05
-5.50451e+02   2.42079e-05
-5.48951e+02   2.42897e-05
-5.47451e+02   2.43719e-05
-5.45951e+02   2.44545e-05
-5.44451e+02   2.45375e-05
-5.42951e+02   2.46210e-05
-5.41451e+02   2.47049e-05
-5.39951e+02   2.47893e-05
-5.38451e+02   2.48741e-05
-5.36951e+02   2.49594e-05
-5.35451e+02   2.50451e-05
-5.33951e+02   2.51313e-05
-5.32451e+02   2.52179e-05
-5.30951e+02   2.53050e-05
-5.29451e+02   2.53926e-05
-5.27951e+02   2.54806e-05
-5.26451e+02   2.55691e-05
-5.24951e+02   2.56581e-05
-5.23451e+02   2.57476e-05
-5.21951e+02   2.58376e-05
-5.20451e+02   2.59280e-05
-5.18951e+02   2.60189e-05
-5.17451e+02   2.61104e-05
-5.15951e+02   2.62023e-05
-5.14451e+02   2.62947e-05
-5.12951e+02   2.63877e-05
-5.11451e+02   2.64811e-05
-5.09951e+02   2.65751e-05
-5.08451e+02   2.66696e-05
-5.06951e+02   2.67646e-05
-5.05451e+02   2.68602e-05
-5.03951e+02   2.69562e-05
-5.02451e+02   2.70528e-05
-5.00951e+02   2.71500e-05
-4.99451e+02   2.72477e-05
-4.97951e+02   2.73459e-05
-4.96451e+02   2.74447e-05
-4.94951e+02   2.75441e-05
-4.93451e+02   2.76440e-05
-4.91951e+02   2.77445e-05
-4.90451e+02   2.78455e-05
-4.88951e+02   2.79471e-05
-4.87451e+02   2.80493e-05
-4.85951e+02   2.81521e-05
-4.84451e+02   2.82555e-05
-4.82951e+02   2.83595e-05
-4.81451e+02   2.84640e-05
-4.79951e+02   2.85692e-05
-4.78451e+02   2.86750e-05
-4.76951e+02   2.87814e-05
-4.75451e+02   2.88884e-05
-4.73951e+02   2.89960e-05
-4.72451e+02   2.91043e-05
-4.70951e+02   2.92132e-05
-4.69451e+02   2.93227e-05
-4.67951e+02   2.94329e-05
-4.66451e+02   2.95438e-05
-4.64951e+02   2.96552e-05
-4.63451e+02   2.97674e-05
-4.61951e+02   2.98802e-05
-4.60451e+02   2.99937e-05
-4.58951e+02   3.01078e-05
-4.57451e+02   3.02227e-05
-4.55951e+02   3.03382e-05
-4.54451e+02   3.04544e-05
-4.52951e+02   3.05714e-05
-4.51451e+02   3.06890e-05
-4.49951e+02   3.08074e-05
-4.48451e+02   3.09264e-05
-4.46951e+02   3.10462e-05
-4.45451e+02   3.11667e-05
-4.43951e+02   3.12880e-05
-4.42451e+02   3.14100e-05
-4.40951e+02   3.15328e-05
-4.39451e+02   3.16563e-05
-4.37951e+02   3.17805e-05
-4.36451e+02   3.19056e-05
-4.34951e+02   3.20314e-05
-4.33451e+02   3.21580e-05
-4.31951e+02   3.22854e-05
-4.30451e+02   3.24136e-05
-4.28951e+02   3.25426e-05
-4.27451e+02   3.26725e-05
-4.25951e+02   3.28031e-05
-4.24451e+02   3.29346e-05
-4.22951e+02   3.30669e-05
-4.21451e+02   3.32000e-05
-4.19951e+02   3.33340e-05
-4.18451e+02   3.34689e-05
-4.16951e+02   3.36046e-05
-4.15451e+02   3.37412e-05
-4.13951e+02   3.38787e-05
-4.12451e+02   3.40170e-05
-4.10951e+02   3.41563e-05
-4.09451e+02   3.42965e-05
-4.07951e+02   3.44376e-05
-4.06451e+02   3.45796e-05
-4.04951e+02   3.47225e-05
-4.03451e+02   3.48664e-05
-4.01951e+02   3.50113e-05
-4.00451e+02   3.51571e-05
-3.98951e+02   3.53038e-05
-3.97451e+02   3.54516e-05
-3.95951e+02   3.56003e-05
-3.94451e+02   3.57501e-05
-3.92951e+02   3.59008e-05
-3.91451e+02   3.60526e-05
-3.89951e+02   3.62054e-05
-3.88451e+02   3.63592e-05
-3.86951e+02   3.65141e-05
-3.85451e+02   3.66700e-05
-3.83951e+02   3.68270e-05
-3.82451e+02   3.69851e-05
-3.80951e+02   3.71443e-05
-3.79451e+02   3.73046e-05
-3.77951e+02   3.74659e-05
-3.76451e+02   3.76285e-05
-3.74951e+02   3.77921e-05
-3.73451e+02   3.79569e-05
-3.71951e+02   3.81229e-05
-3.70451e+02   3.82900e-05
-3.68951e+02   3.84583e-05
-3.67451e+02   3.86278e-05
-3.65951e+02   3.87985e-05
-3.64451e+02   3.89705e-05
-3.62951e+02   3.91437e-05
-3.61451e+02   3.93181e-05
-3.59951e+02   3.94938e-05
-3.58451e+02   3.96707e-05
-3.56951e+02   3.98489e-05
-3.55451e+02   4.00285e-05
-3.53951e+02   4.02093e-05
-3.52451e+02   4.03915e-05
-3.50951e+02   4.05751e-05
-3.49451e+02   4.07600e-05
-3.47951e+02   4.09462e-05
-3.46451e+02   4.11339e-05
-3.44951e+02   4.13229e-05
-3.43451e+02   4.15134e-05
-3.41951e+02   4.17053e-05
-3.40451e+02   4.18987e-05
-3.38951e+02   4.20936e-05
-3.37451e+02   4.22899e-05
-3.35951e+02   4.24877e-05
-3.34451e+02   4.26871e-05
-3.32951e+02   4.28879e-05
-3.31451e+02   4.30904e-05
-3.29951e+02   4.32944e-05
-3.28451e+02   4.35000e-05
-3.26951e+02   4.37072e-05
-3.25451e+02   4.39161e-05
-3.23951e+02   4.41266e-05
-3.22451e+02   4.43388e-05
-3.20951e+02   4.45526e-05
-3.19451e+02   4.47682e-05
-3.17951e+02   4.49855e-05
-3.16451e+02   4.52046e-05
-3.14951e+02   4.54254e-05
-3.13451e+02   4.56480e-05
-3.11951e+02   4.58725e-05
-3.10451e+02   4.60988e-05
-3.08951e+02   4.63269e-05
-3.07451e+02   4.65570e-05
-3.05951e+02   4.67889e-05
-3.04451e+02   4.70228e-05
-3.02951e+02   4.72587e-05
-3.01451e+02   4.74965e-05
-2.99951e+02   4.77363e-05
-2.98451e+02   4.79782e-05
-2.96951e+02   4.82222e-05
-2.95451e+02   4.84682e-05
-2.93951e+02   4.87164e-05
-2.92451e+02   4.89667e-05
-2.90951e+02   4.92192e-05
-2.89451e+02   4.94739e-05
-2.87951e+02   4.97309e-05
-2.86451e+02   4.99901e-05
-2.84951e+02   5.02516e-05
-2.83451e+02   5.05155e-05
-2.81951e+02   5.07817e-05
-2.80451e+02   5.10503e-05
-2.78951e+02   5.13213e-05
-2.77451e+02   5.15949e-05
-2.75951e+02   5.18709e-05
-2.74451e+02   5.21494e-05
-2.72951e+02   5.24306e-05
-2.71451e+02   5.27143e-05
-2.69951e+02   5.30007e-05
-2.68451e+02   5.32898e-05
-2.66951e+02   5.35816e-05
-2.65451e+02   5.38762e-05
-2.63951e+02   5.41737e-05
-2.62451e+02   5.44739e-05
-2.60951e+02   5.47771e-05
-2.59451e+02   5.50833e-05
-2.57951e+02   5.53924e-05
-2.56451e+02   5.57045e-05
-2.54951e+02   5.60198e-05
-2.53451e+02   5.63382e-05
-2.51951e+02   5.66598e-05
-2.50451e+02   5.69846e-05
-2.48951e+02   5.73128e-05
-2.47451e+02   5.76442e-05
-2.45951e+02   5.79791e-05
-2.44451e+02   5.83175e-05
-2.42951e+02   5.86593e-05
-2.41451e+02   5.90048e-05
-2.39951e+02   5.93539e-05
-2.38451e+02   5.97067e-05
-2.36951e+02   6.00633e-05
-2.35451e+02   6.04237e-05
-2.33951e+02   6.07880e-05
-2.32451e+02   6.11563e-05
-2.30951e+02   6.15287e-05
-2.29451e+02   6.19051e-05
-2.27951e+02   6.22858e-05
-2.26451e+02   6.26707e-05
-2.24951e+02   6.30600e-05
-2.23451e+02   6.34538e-05
-2.21951e+02   6.38520e-05
-2.20451e+02   6.42549e-05
-2.18951e+02   6.46625e-05
-2.17451e+02   6.50749e-05
-2.15951e+02   6.54921e-05
-2.14451e+02   6.59144e-05
-2.12951e+02   6.63417e-05
-2.11451e+02   6.67742e-05
-2.09951e+02   6.72120e-05
-2.08451e+02   6.76552e-05
-2.06951e+02   6.81040e-05
-2.05451e+02   6.85583e-05
-2.03951e+02   6.90185e-05
-2.02451e+02   6.94845e-05
-2.00951e+02   6.99565e-05
-1.99451e+02   7.04347e-05
-1.97951e+02   7.09191e-05
-1.96451e+02   7.14100e-05
-1.94951e+02   7.19074e-05
-1.93451e+02   7.24116e-05
-1.91951e+02   7.29226e-05
-1.90451e+02   7.34407e-05
-1.88951e+02   7.39659e-05
-1.87451e+02   7.44986e-05
-1.85951e+02   7.50388e-05
-1.84451e+02   7.55868e-05
-1.82951e+02   7.61426e-05
-1.81451e+02   7.67067e-05
-1.79951e+02   7.72790e-05
-1.78451e+02   7.78600e-05
-1.76951e+02   7.84497e-05
-1.75451e+02   7.90484e-05
-1.73951e+02   7.96564e-05
-1.72451e+02   8.02739e-05
-1.70951e+02   8.09011e-05
-1.69451e+02   8.15384e-05
-1.67951e+02   8.21860e-05
-1.66451e+02   8.28442e-05
-1.64951e+02   8.35133e-05
-1.63451e+02   8.41936e-05
-1.61951e+02   8.48855e-05
-1.60451e+02   8.55893e-05
-1.58951e+02   8.63053e-05
-1.57451e+02   8.70340e-05
-1.55951e+02   8.77757e-05
-1.54451e+02   8.85308e-05
-1.52951e+02   8.92998e-05
-1.51451e+02   9.00831e-05
-1.49951e+02   9.08812e-05
-1.48451e+02   9.16945e-05
-1.46951e+02   9.25236e-05
-1.45451e+02   9.33691e-05
-1.43951e+02   9.42313e-05
-1.42451e+02   9.51111e-05
-1.40951e+02   9.60089e-05
-1.39451e+02   9.69255e-05
-1.37951e+02   9.78614e-05
-1.36451e+02   9.88175e-05
-1.34951e+02   9.97945e-05
-1.33451e+02   1.00793e-04
-1.31951e+02   1.01814e-04
-1.30451e+02   1.02859e-04
-1.28951e+02   1.03928e-04
-1.27451e+02   1.05022e-04
-1.25951e+02   1.06142e-04
-1.24451e+02   1.07290e-04
-1.22951e+02   1.08467e-04
-1.21451e+02   1.09673e-04
-1.19951e+02   1.10911e-04
-1.18451e+02   1.12180e-04
-1.16951e+02   1.13484e-04
-1.15451e+02   1.14824e-04
-1.13951e+02   1.16200e-04
-1.12451e+02   1.17615e-04
-1.10951e+02   1.19071e-04
-1.09451e+02   1.20570e-04
-1.07951e+02   1.22113e-04
-1.06451e+02   1.23704e-04
-1.04951e+02   1.25344e-04
-1.03451e+02   1.27036e-04
-1.01951e+02   1.28782e-04
-1.00451e+02   1.30587e-04
-9.89511e+01   1.32452e-04
-9.74511e+01   1.34381e-04
-9.59511e+01   1.36378e-04
-9.44511e+01   1.38447e-04
-9.29511e+01   1.40591e-04
-9.14511e+01   1.42816e-04
-8.99511e+01   1.45126e-04
-8.84511e+01   1.47527e-04
-8.69511e+01   1.50024e-04
-8.54511e+01   1.52623e-04
-8.39511e+01   1.55331e-04
-8.24511e+01   1.58155e-04
-8.09511e+01   1.61103e-04
-7.94511e+01   1.64184e-04
-7.79511e+01   1.67407e-04
-7.64511e+01   1.70781e-04
-7.49511e+01   1.74319e-04
-7.34511e+01   1.78031e-04
-7.19511e+01   1.81933e-04
-7.04511e+01   1.86037e-04
-6.89511e+01   1.90360e-04
-6.74511e+01   1.94920e-04
-6.59511e+01   1.99736e-04
-6.44511e+01   2.04830e-04
-6.29511e+01   2.10226e-04
-6.14511e+01   2.15950e-04
-5.99511e+01   2.22031e-04
-5.84511e+01   2.28503e-04
-5.69511e+01   2.35401e-04
-5.54511e+01   2.42767e-04
-5.39511e+01   2.50646e-04
-5.24511e+01   2.59090e-04
-5.09511e+01   2.68157e-04
-4.94511e+01   2.77912e-04
-4.79511e+01   2.88428e-04
-4.64511e+01   2.99790e-04
-4.49511e+01   3.12092e-04
-4.34511e+01   3.25442e-04
-4.19511e+01   3.39964e-04
-4.04511e+01   3.55798e-04
-3.89511e+01   3.73106e-04
-3.74511e+01   3.92073e-04
-3.59511e+01   4.12912e-04
-3.44511e+01   4.35866e-04
-3.29511e+01   4.61220e-04
-3.14511e+01   4.89297e-04
-2.99511e+01   5.20472e-04
-2.84511e+01   5.55175e-04
-2.69511e+01   5.93898e-04
-2.54511e+01   6.37205e-04
-2.39511e+01   6.85729e-04
-2.24511e+01   7.40178e-04
-2.09511e+01   8.01328e-04
-1.94511e+01   8.70000e-04
-1.79511e+01   9.47023e-04
-1.64511e+01   1.03316e-03
-1.49511e+01   1.12901e-03
-1.34511e+01   1.23480e-03
-1.19511e+01   1.35015e-03
-1.04511e+01   1.47372e-03
-8.95110e+00   1.60282e-03
-7.45110e+00   1.73305e-03
-5.95110e+00   1.85802e-03
-4.45110e+00   1.96963e-03
-2.95110e+00   2.05880e-03
-1.45110e+00   2.11697e-03
4.89000e-02   2.13792e-03
1.54890e+00   2.11937e-03
3.04890e+00   2.06361e-03
4.54890e+00   1.97685e-03
6.04890e+00   1.86765e-03
7.54890e+00   1.74508e-03
9.04890e+00   1.61727e-03
1.05489e+01   1.49057e-03
1.20489e+01   1.36942e-03
1.35489e+01   1.25650e-03
1.50489e+01   1.15314e-03
1.65489e+01   1.05973e-03
1.80489e+01   9.76024e-04
1.95489e+01   9.01447e-04
2.10489e+01   8.35229e-04
2.25489e+01   7.76541e-04
2.40489e+01   7.24562e-04
2.55489e+01   6.78517e-04
2.70489e+01   6.37699e-04
2.85489e+01   6.01474e-04
3.00489e+01   5.69280e-04
3.15489e+01   5.40626e-04
3.30489e+01   5.15082e-04
3.45489e+01   4.92273e-04
3.60489e+01   4.71877e-04
3.75489e+01   4.53611e-04
3.90489e+01   4.37231e-04
4.05489e+01   4.22525e-04
4.20489e+01   4.09309e-04
4.35489e+01   3.97422e-04
4.50489e+01   3.86723e-04
4.65489e+01   3.77090e-04
4.80489e+01   3.68417e-04
4.95489e+01   3.60608e-04
5.10489e+01   3.53581e-04
5.25489e+01   3.47262e-04
5.40489e+01   3.41588e-04
5.55489e+01   3.36501e-04
5.70489e+01   3.31951e-04
5.85489e+01   3.27892e-04
6.00489e+01   3.24285e-04
6.15489e+01   3.21094e-04
6.30489e+01   3.18287e-04
6.45489e+01   3.15835e-04
6.60489e+01   3.13713e-04
6.75489e+01   3.11898e-04
6.90489e+01   3.10369e-04
7.05489e+01   3.09109e-04
7.20489e+01   3.08099e-04
7.35489e+01   3.07326e-04
7.50489e+01   3.06775e-04
7.65489e+01   3.06434e-04
7.80489e+01   3.06293e-04
7.95489e+01   3.06341e-04
8.10489e+01   3.06569e-04
8.25489e+01   3.06970e-04
8.40489e+01   3.07535e-04
8.55489e+01   3.08259e-04
8.70489e+01   3.09135e-04
8.85489e+01   3.10158e-04
9.00489e+01   3.11323e-04
9.15489e+01   3.12625e-04
9.30489e+01   3.14062e-04
9.45489e+01   3.15630e-04
9.60489e+01   3.17324e-04
9.75489e+01   3.19144e-04
9.90489e+01   3.21087e-04
1.00549e+02   3.23150e-04
1.02049e+02   3.25331e-04
1.03549e+02   3.27631e-04
1.05049e+02   3.30047e-04
1.06549e+02   3.32578e-04
1.08049e+02   3.35224e-04
1.09549e+02   3.37984e-04
1.11049e+02   3.40859e-04
1.12549e+02   3.43847e-04
1.14049e+02   3.46950e-04
1.15549e+02   3.50168e-04
1.17049e+02   3.53500e-04
1.18549e+02   3.56949e-04
1.20049e+02   3.60515e-04
1.21549e+02   3.64198e-04
1.23049e+02   3.68001e-04
1.24549e+02   3.71925e-04
1.26049e+02   3.75971e-04
1.27549e+02   3.80140e-04
1.29049e+02   3.84436e-04
1.30549e+02   3.88860e-04
1.32049e+02   3.93414e-04
1.33549e+02   3.98102e-04
1.35049e+02   4.02924e-04
1.36549e+02   4.07885e-04
1.38049e+02   4.12987e-04
1.39549e+02   4.18234e-04
1.41049e+02   4.23628e-04
1.42549e+02   4.29174e-04
1.44049e+02   4.34874e-04
1.45549e+02   4.40734e-04
1.47049e+02   4.46758e-04
1.48549e+02   4.52948e-04
1.50049e+02   4.59312e-04
1.51549e+02   4.65852e-04
1.53049e+02   4.72575e-04
1.54549e+02   4.79485e-04
1.56049e+02   4.86589e-04
1.57549e+02   4.93893e-04
1.59049e+02   5.01402e-04
1.60549e+02   5.09123e-04
1.62049e+02   5.17063e-04
1.63549e+02   5.25229e-04
1.65049e+02   5.33630e-04
1.66549e+02   5.42272e-04
1.68049e+02   5.51164e-04
1.69549e+02   5.60316e-04
1.71049e+02   5.69735e-04
1.72549e+02   5.79433e-04
1.74049e+02   5.89418e-04
1.75549e+02   5.99703e-04
1.77049e+02   6.10297e-04
1.78549e+02   6.21214e-04
1.80049e+02   6.32465e-04
1.81549e+02   6.44063e-04
1.83049e+02   6.56023e-04
1.84549e+02   6.68359e-04
1.86049e+02   6.81086e-04
1.87549e+02   6.94220e-04
1.89049e+02   7.07779e-04
1.90549e+02   7.21781e-04
1.92049e+02   7.36244e-04
1.93549e+02   7.51189e-04
1.95049e+02   7.66636e-04
1.96549e+02   7.82609e-04
1.98049e+02   7.99132e-04
1.99549e+02   8.16228e-04
2.01049e+02   8.33926e-04
2.02549e+02   8.52253e-04
2.04049e+02   8.71240e-04
2.05549e+02   8.90918e-04
2.07049e+02   9.11321e-04
2.08549e+02   9.32485e-04
2.10049e+02   9.54449e-04
2.11549e+02   9.77253e-04
2.13049e+02   1.00094e-03
2.14549e+02   1.02556e-03
2.16049e+02   1.05116e-03
2.17549e+02   1.07779e-03
2.19049e+02   1.10551e-03
2.20549e+02   1.13438e-03
2.22049e+02   1.16446e-03
2.23549e+02   1.19583e-03
2.25049e+02   1.22856e-03
2.26549e+02   1.26272e-03
2.28049e+02   1.29841e-03
2.29549e+02   1.33572e-03
2.31049e+02   1.37475e-03
2.32549e+02   1.41560e-03
2.34049e+02   1.45839e-03
2.35549e+02   1.50325e-03
2.37049e+02   1.55032e-03
2.38549e+02   1.59973e-03
2.40049e+02   1.65166e-03
2.41549e+02   1.70627e-03
2.43049e+02   1.76376e-03
2.44549e+02   1.82433e-03
2.46049e+02   1.88821e-03
2.47549e+02   1.95564e-03
2.49049e+02   2.02689e-03
2.50549e+02   2.10225e-03
2.52049e+02   2.18206e-03
2.53549e+02   2.26666e-03
2.55049e+02   2.35645e-03
2.56549e+02   2.45186e-03
2.58049e+02   2.55336e-03
2.59549e+02   2.66149e-03
2.61049e+02   2.77684e-03
2.62549e+02   2.90005e-03
2.64049e+02   3.03184e-03
2.65549e+02   3.17304e-03
2.67049e+02   3.32454e-03
2.68549e+02   3.48735e-03
2.70049e+02   3.66262e-03
2.71549e+02   3.85162e-03
2.73049e+02   4.05579e-03
2.74549e+02   4.27678e-03
2.76049e+02   4.51642e-03
2.77549e+02   4.77681e-03
2.79049e+02   5.06034e-03
2.80549e+02   5.36973e-03
2.82049e+02   5.70809e-03
2.83549e+02   6.07898e-03
2.85049e+02   6.48649e-03
2.86549e+02   6.93530e-03
2.88049e+02   7.43081e-03
2.89549e+02   7.97926e-03
2.91049e+02   8.58780e-03
2.92549e+02   9.26468e-03
2.94049e+02   1.00194e-02
2.95549e+02   1.08628e-02
2.97049e+02   1.18073e-02
2.98549e+02   1.28669e-02
3.00049e+02   1.40573e-02
3.01549e+02   1.53957e-02
3.03049e+02   1.69002e-02
3.04549e+02   1.85894e-02
3.06049e+02   2.04807e-02
3.07549e+02   2.25875e-02
3.09049e+02   2.49159e-02
3.10549e+02   2.74587e-02
3.12049e+02   3.01882e-02
3.13549e+02   3.30474e-02
3.15049e+02   3.59412e-02
3.16549e+02   3.87314e-02
3.18049e+02   4.12398e-02
3.19549e+02   4.32650e-02
3.21049e+02   4.46142e-02
3.22549e+02   4.51435e-02
3.24049e+02   4.47941e-02
3.25549e+02   4.36090e-02
3.27049e+02   4.17206e-02
3.28549e+02   3.93169e-02
3.30049e+02   3.66004e-02
3.31549e+02   3.37546e-02
3.33049e+02   3.09249e-02
3.34549e+02   2.82131e-02
3.36049e+02   2.56820e-02
3.37549e+02   2.33635e-02
3.39049e+02   2.12676e-02
3.40549e+02   1.93902e-02
3.42049e+02   1.77187e-02
3.43549e+02   1.62364e-02
3.45049e+02   1.49251e-02
3.46549e+02   1.37665e-02
3.48049e+02   1.27435e-02
3.49549e+02   1.18405e-02
3.51049e+02   1.10433e-02
3.52549e+02   1.03396e-02
3.54049e+02   9.71854e-03
3.55549e+02   9.17075e-03
3.57049e+02   8.68812e-03
3.58549e+02   8.26371e-03
3.60049e+02   7.89158e-03
3.61549e+02   7.56667e-03
3.63049e+02   7.28469e-03
3.64549e+02   7.04205e-03
3.66049e+02   6.83574e-03
3.67549e+02   6.66332e-03
3.69049e+02   6.52282e-03
3.70549e+02   6.41270e-03
3.72049e+02   6.33187e-03
3.73549e+02   6.27959e-03
3.75049e+02   6.25552e-03
3.76549e+02   6.25970e-03
3.78049e+02   6.29253e-03
3.79549e+02   6.35480e-03
3.81049e+02   6.44772e-03
3.82549e+02   6.57292e-03
3.84049e+02   6.73253e-03
3.85549e+02   6.92920e-03
3.87049e+02   7.16617e-03
3.88549e+02   7.44732e-03
3.90049e+02   7.77729e-03
3.91549e+02   8.16156e-03
3.93049e+02   8.60648e-03
3.94549e+02   9.11946e-03
3.96049e+02   9.70894e-03
3.97549e+02   1.03844e-02
3.99049e+02   1.11565e-02
4.00549e+02   1.20364e-02
4.02049e+02   1.30356e-02
4.03549e+02   1.41652e-02
4.05049e+02   1.54338e-02
4.06549e+02   1.68458e-02
4.08049e+02   1.83976e-02
4.09549e+02   2.00729e-02
4.11049e+02   2.18378e-02
4.12549e+02   2.36343e-02
4.14049e+02   2.53775e-02
4.15549e+02   2.69565e-02
4.17049e+02   2.82440e-02
4.18549e+02   2.91153e-02
4.20049e+02   2.94742e-02
4.21549e+02   2.92762e-02
4.23049e+02   2.85408e-02
4.24549e+02   2.73462e-02
4.26049e+02   2.58091e-02
4.27549e+02   2.40581e-02
4.29049e+02   2.22121e-02
4.30549e+02   2.03668e-02
4.32049e+02   1.85902e-02
4.33549e+02   1.69250e-02
4.35049e+02   1.53934e-02
4.36549e+02   1.40032e-02
4.38049e+02   1.27526e-02
4.39549e+02   1.16339e-02
4.41049e+02   1.06366e-02
4.42549e+02   9.74909e-03
4.44049e+02   8.95951e-03
4.45549e+02   8.25671e-03
4.47049e+02   7.63043e-03
4.48549e+02   7.07144e-03
4.50049e+02   6.57154e-03
4.51549e+02   6.12352e-03
4.53049e+02   5.72111e-03
4.54549e+02   5.35883e-03
4.56049e+02   5.03192e-03
4.57549e+02   4.73625e-03
4.59049e+02   4.46824e-03
4.60549e+02   4.22479e-03
4.62049e+02   4.00318e-03
4.63549e+02   3.80106e-03
4.65049e+02   3.61638e-03
4.66549e+02   3.44733e-03
4.68049e+02   3.29235e-03
4.69549e+02   3.15005e-03
4.71049e+02   3.01923e-03
4.72549e+02   2.89881e-03
4.74049e+02   2.78785e-03
4.75549e+02   2.68553e-03
4.77049e+02   2.59110e-03
4.78549e+02   2.50391e-03
4.80049e+02   2.42339e-03
4.81549e+02   2.34901e-03
4.83049e+02   2.28033e-03
4.84549e+02   2.21693e-03
4.86049e+02   2.15846e-03
4.87549e+02   2.10458e-03
4.89049e+02   2.05503e-03
4.90549e+02   2.00954e-03
4.92049e+02   1.96790e-03
4.93549e+02   1.92990e-03
4.95049e+02   1.89538e-03
4.96549e+02   1.86419e-03
4.98049e+02   1.83619e-03
4.99549e+02   1.81129e-03
5.01049e+02   1.78939e-03
5.02549e+02   1.77042e-03
5.04049e+02   1.75433e-03
5.05549e+02   1.74107e-03
5.07049e+02   1.73063e-03
5.08549e+02   1.72300e-03
5.10049e+02   1.71820e-03
5.11549e+02   1.71625e-03
5.13049e+02   1.71719e-03
5.14549e+02   1.72109e-03
5.16049e+02   1.72804e-03
5.17549e+02   1.73813e-03
5.19049e+02   1.75150e-03
5.20549e+02   1.76828e-03
5.22049e+02   1.78866e-03
5.23549e+02   1.81285e-03
5.25049e+02   1.84106e-03
5.26549e+02   1.87359e-03
5.28049e+02   1.91073e-03
5.29549e+02   1.95285e-03
5.31049e+02   2.00036e-03
5.32549e+02   2.05371e-03
5.34049e+02   2.11344e-03
5.35549e+02   2.18016e-03
5.37049e+02   2.25457e-03
5.38549e+02   2.33745e-03
5.40049e+02   2.42972e-03
5.41549e+02   2.53242e-03
5.43049e+02   2.64675e-03
5.44549e+02   2.77409e-03
5.46049e+02   2.91603e-03
5.47549e+02   3.07440e-03
5.49049e+02   3.25130e-03
5.50549e+02   3.44917e-03
5.52049e+02   3.67082e-03
5.53549e+02   3.91949e-03
5.55049e+02   4.19888e-03
5.56549e+02   4.51326e-03
5.58049e+02   4.86745e-03
5.59549e+02   5.26689e-03
5.61049e+02   5.71761e-03
5.62549e+02   6.22612e-03
5.64049e+02   6.79920e-03
5.65549e+02   7.44347e-03
5.67049e+02   8.16471e-03
5.68549e+02   8.96665e-03
5.70049e+02   9.84929e-03
5.71549e+02   1.08065e-02
5.73049e+02   1.18229e-02
5.74549e+02   1.28708e-02
5.76049e+02   1.39071e-02
5.77549e+02   1.48732e-02
5.79049e+02   1.56982e-02
5.80549e+02   1.63079e-02
5.82049e+02   1.66390e-02
5.83549e+02   1.66536e-02
5.85049e+02   1.63491e-02
5.86549e+02   1.57595e-02
5.88049e+02   1.49457e-02
5.89549e+02   1.39813e-02
5.91049e+02   1.29380e-02
5.92549e+02   1.18766e-02
5.94049e+02   1.08419e-02
5.95549e+02   9.86362e-03
5.97049e+02   8.95844e-03
5.98549e+02   8.13348e-03
6.00049e+02   7.38936e-03
6.01549e+02   6.72270e-03
6.03049e+02   6.12790e-03
6.04549e+02   5.59840e-03
6.06049e+02   5.12738e-03
6.07549e+02   4.70826e-03
6.09049e+02   4.33495e-03
6.10549e+02   4.00192e-03
6.12049e+02   3.70424e-03
6.13549e+02   3.43758e-03
6.15049e+02   3.19813e-03
6.16549e+02   2.98260e-03
6.18049e+02   2.78809e-03
6.19549e+02   2.61212e-03
6.21049e+02   2.45252e-03
6.22549e+02   2.30740e-03
6.24049e+02   2.17514e-03
6.25549e+02   2.05430e-03
6.27049e+02   1.94365e-03
6.28549e+02   1.84210e-03
6.30049e+02   1.74869e-03
6.31549e+02   1.66260e-03
6.33049e+02   1.58308e-03
6.34549e+02   1.50950e-03
6.36049e+02   1.44128e-03
6.37549e+02   1.37792e-03
6.39049e+02   1.31896e-03
6.40549e+02   1.26401e-03
6.42049e+02   1.21271e-03
6.43549e+02   1.16474e-03
6.45049e+02   1.11982e-03
6.46549e+02   1.07769e-03
6.48049e+02   1.03813e-03
6.49549e+02   1.00092e-03
6.51049e+02   9.65888e-04
6.52549e+02   9.32854e-04
6.54049e+02   9.01668e-04
6.55549e+02   8.72193e-04
6.57049e+02   8.44304e-04
6.58549e+02   8.17885e-04
6.60049e+02   7.92832e-04
6.61549e+02   7.69050e-04
6.63049e+02   7.46452e-04
6.64549e+02   7.24959e-04
6.66049e+02   7.04496e-04
6.67549e+02   6.84998e-04
6.69049e+02   6.66401e-04
6.70549e+02   6.48650e-04
6.72049e+02   6.31692e-04
6.73549e+02   6.15478e-04
6.75049e+02   5.99963e-04
6.76549e+02   5.85107e-04
6.78049e+02   5.70871e-04
6.79549e+02   5.57220e-04
6.81049e+02   5.44119e-04
6.82549e+02   5.31539e-04
6.84049e+02   5.19451e-04
6.85549e+02   5.07829e-04
6.87049e+02   4.96647e-04
6.88549e+02   4.85883e-04
6.90049e+02   4.75514e-04
6.91549e+02   4.65521e-04
6.93049e+02   4.55885e-04
6.94549e+02   4.46587e-04
6.96049e+02   4.37612e-04
6.97549e+02   4.28944e-04
6.99049e+02   4.20567e-04
7.00549e+02   4.12469e-04
7.02049e+02   4.04637e-04
7.03549e+02   3.97057e-04
7.05049e+02   3.89719e-04
7.06549e+02   3.82612e-04
7.08049e+02   3.75726e-04
7.09549e+02   3.69050e-04
7.11049e+02   3.62577e-04
7.12549e+02   3.56297e-04
7.14049e+02   3.50202e-04
7.15549e+02   3.44284e-04
7.17049e+02   3.38537e-04
7.18549e+02   3.32953e-04
7.20049e+02   3.27526e-04
7.21549e+02   3.22249e-04
7.23049e+02   3.17116e-04
7.24549e+02   3.12123e-04
7.26049e+02   3.07263e-04
7.27549e+02   3.02532e-04
7.29049e+02   2.97925e-04
7.30549e+02   2.93437e-04
7.32049e+02   2.89063e-04
7.33549e+02   2.84800e-04
7.35049e+02   2.80644e-04
7.36549e+02   2.76590e-04
7.38049e+02   2.72636e-04
7.39549e+02   2.68778e-04
7.41049e+02   2.65012e-04
7.42549e+02   2.61335e-04
7.44049e+02   2.57745e-04
7.45549e+02   2.54238e-04
7.47049e+02   2.50811e-04
7.48549e+02   2.47463e-04
7.50049e+02   2.44190e-04
7.51549e+02   2.40990e-04
7.53049e+02   2.37861e-04
7.54549e+02   2.34800e-04
7.56049e+02   2.31806e-04
7.57549e+02   2.28876e-04
7.59049e+02   2.26008e-04
7.60549e+02   2.23200e-04
7.62049e+02   2.20452e-04
7.63549e+02   2.17760e-04
7.65049e+02   2.15123e-04
7.66549e+02   2.12540e-04
7.68049e+02   2.10009e-04
7.69549e+02   2.07528e-04
7.71049e+02   2.05096e-04
7.72549e+02   2.02712e-04
7.74049e+02   2.00375e-04
7.75549e+02   1.98082e-04
7.77049e+02   1.95834e-04
7.78549e+02   1.93628e-04
7.80049e+02   1.91463e-04
7.81549e+02   1.89339e-04
7.83049e+02   1.87254e-04
7.84549e+02   1.85207e-04
7.86049e+02   1.83197e-04
7.87549e+02   1.81224e-04
7.89049e+02   1.79286e-04
7.90549e+02   1.77383e-04
7.92049e+02   1.75513e-04
7.93549e+02   1.73675e-04
7.95049e+02   1.71870e-04
7.96549e+02   1.70096e-04
7.98049e+02   1.68352e-04
7.99549e+02   1.66637e-04
8.01049e+02   1.64952e-04
8.02549e+02   1.63294e-04
8.04049e+02   1.61665e-04
8.05549e+02   1.60062e-04
8.07049e+02   1.58485e-04
8.08549e+02   1.56934e-04
8.10049e+02   1.55408e-04
8.11549e+02   1.53906e-04
8.13049e+02   1.52428e-04
8.14549e+02   1.50974e-04
8.16049e+02   1.49542e-04
8.17549e+02   1.48133e-04
8.19049e+02   1.46745e-04
8.20549e+02   1.45379e-04
8.22049e+02   1.44034e-04
8.23549e+02   1.42709e-04
8.25049e+02   1.41404e-04
8.26549e+02   1.40119e-04
8.28049e+02   1.38852e-04
8.29549e+02   1.37605e-04
8.31049e+02   1.36375e-04
8.32549e+02   1.35164e-04
8.34049e+02   1.33970e-04
8.35549e+02   1.32794e-04
8.37049e+02   1.31634e-04
8.38549e+02   1.30491e-04
8.40049e+02   1.29364e-04
8.41549e+02   1.28252e-04
8.43049e+02   1.27157e-04
8.44549e+02   1.26076e-04
8.46049e+02   1.25011e-04
8.47549e+02   1.23960e-04
8.49049e+02   1.22923e-04
8.50549e+02   1.21901e-04
8.52049e+02   1.20892e-04
8.53549e+02   1.19897e-04
8.55049e+02   1.18915e-04
8.56549e+02   1.17946e-04
8.58049e+02   1.16990e-04
8.59549e+02   1.16047e-04
8.61049e+02   1.15115e-04
8.62549e+02   1.14196e-04
8.64049e+02   1.13289e-04
8.65549e+02   1.12393e-04
8.67049e+02   1.11509e-04
8.68549e+02   1.10636e-04
8.70049e+02   1.09774e-04
8.71549e+02   1.08923e-04
8.73049e+02   1.08082e-04
8.74549e+02   1.07252e-04
8.76049e+02   1.06432e-04
8.77549e+02   1.05622e-04
8.79049e+02   1.04823e-04
8.80549e+02   1.04032e-04
8.82049e+02   1.03252e-04
8.83549e+02   1.02481e-04
8.85049e+02   1.01719e-04
8.86549e+02   1.00966e-04
8.88049e+02   1.00222e-04
8.89549e+02   9.94868e-05
8.91049e+02   9.87603e-05
8.92549e+02   9.80424e-05
8.94049e+02   9.73327e-05
8.95549e+02   9.66313e-05
8.97049e+02   9.59380e-05
8.98549e+02   9.52526e-05
9.00049e+02   9.45750e-05
9.01549e+02   9.39052e-05
9.03049e+02   9.32429e-05
9.04549e+02   9.25880e-05
9.06049e+02   9.19405e-05
9.07549e+02   9.13003e-05
9.09049e+02   9.06671e-05
9.10549e+02   9.00409e-05
9.12049e+02   8.94216e-05
9.13549e+02   8.88091e-05
9.15049e+02   8.82033e-05
9.16549e+02   8.76040e-05
9.18049e+02   8.70113e-05
9.19549e+02   8.64249e-05
9.21049e+02   8.58448e-05
9.22549e+02   8.52708e-05
9.24049e+02   8.47030e-05
9.25549e+02   8.41411e-05
9.27049e+02   8.35852e-05
9.28549e+02   8.30351e-05
9.30049e+02   8.24908e-05
9.31549e+02   8.19521e-05
9.33049e+02   8.14189e-05
9.34549e+02   8.08913e-05
9.36049e+02   8.03691e-05
9.37549e+02   7.98522e-05
9.39049e+02   7.93406e-05
9.40549e+02   7.88341e-05
9.42049e+02   7.83328e-05
9.43549e+02   7.78365e-05
9.45049e+02   7.73452e-05
9.46549e+02   7.68588e-05
9.48049e+02   7.63772e-05
9.49549e+02   7.59004e-05
9.51049e+02   7.54283e-05
9.52549e+02   7.49608e-05
9.54049e+02   7.44979e-05
9.55549e+02   7.40394e-05
9.57049e+02   7.35855e-05
9.58549e+02   7.31359e-05
9.60049e+02   7.26907e-05
9.61549e+02   7.22497e-05
9.63049e+02   7.18129e-05
9.64549e+02   7.13803e-05
9.66049e+02   7.09518e-05
9.67549e+02   7.05273e-05
9.69049e+02   7.01068e-05
9.70549e+02   6.96903e-05
9.72049e+02   6.92777e-05
9.73549e+02   6.88689e-05
9.75049e+02   6.84638e-05
9.76549e+02   6.80626e-05
9.78049e+02   6.76650e-05
9.79549e+02   6.72711e-05
9.81049e+02   6.68807e-05
9.82549e+02   6.64939e-05
9.84049e+02   6.61107e-05
9.85549e+02   6.57308e-05
9.87049e+02   6.53545e-05
9.88549e+02   6.49814e-05
9.90049e+02   6.46118e-05
9.91549e+02   6.42454e-05
9.93049e+02   6.38822e-05
9.94549e+02   6.35223e-05
9.96049e+02   6.31656e-05
9.97549e+02   6.28120e-05
9.99049e+02   6.24615e-05
1.00055e+03   6.21140e-05
1.00205e+03   6.17696e-05
1.00355e+03   6.14281e-05
1.00505e+03   6.10896e-05
1.00655e+03   6.07540e-05
1.00805e+03   6.04213e-05
1.00955e+03   6.00915e-05
1.01105e+03   5.97644e-05
1.01255e+03   5.94402e-05
1.01405e+03   5.91187e-05
1.01555e+03   5.87998e-05
1.01705e+03   5.84837e-05
1.01855e+03   5.81702e-05
1.02005e+03   5.78594e-05
1.02155e+03   5.75511e-05
1.02305e+03   5.72454e-05
1.02455e+03   5.69422e-05
1.02605e+03   5.66416e-05
1.02755e+03   5.63434e-05
1.02905e+03   5.60476e-05
1.03055e+03   5.57543e-05
1.03205e+03   5.54633e-05
1.03355e+03   5.51747e-05
1.03505e+03   5.48885e-05
1.03655e+03   5.46045e-05
1.03805e+03   5.43229e-05
1.03955e+03   5.40435e-05
1.04105e+03   5.37663e-05
1.04255e+03   5.34914e-05
1.04405e+03   5.32186e-05
1.04555e+03   5.29480e-05
1.04705e+03   5.26795e-05
1.04855e+03   5.24132e-05
1.05005e+03   5.21489e-05
1.05155e+03   5.18867e-05
1.05305e+03   5.16266e-05
1.05455e+03   5.13685e-05
1.05605e+03   5.11123e-05
1.05755e+03   5.08582e-05
1.05905e+03   5.06060e-05
1.06055e+03   5.03558e-05
1.06205e+03   5.01074e-05
1.06355e+03   4.98610e-05
1.06505e+03   4.96165e-05
1.06655e+03   4.93738e-05
1.06805e+03   4.91330e-05
1.06955e+03   4.88939e-05
1.07105e+03   4.86567e-05
1.07255e+03   4.84213e-05
1.07405e+03   4.81876e-05
1.07555e+03   4.79556e-05
1.07705e+03   4.77254e-05
1.07855e+03   4.74970e-05
1.08005e+03   4.72702e-05
1.08155e+03   4.70450e-05
1.08305e+03   4.68216e-05
1.08455e+03   4.65997e-05
1.08605e+03   4.63795e-05
1.08755e+03   4.61609e-05
1.08905e+03   4.59439e-05
1.09055e+03   4.57285e-05
1.09205e+03   4.55147e-05
1.09355e+03   4.53024e-05
1.09505e+03   4.50916e-05
1.09655e+03   4.48823e-05
1.09805e+03   4.46745e-05
1.09955e+03   4.44682e-05
1.10105e+03   4.42634e-05
1.10255e+03   4.40601e-05
1.10405e+03   4.38582e-05
1.10555e+03   4.36577e-05
1.10705e+03   4.34586e-05
1.10855e+03   4.32609e-05
1.11005e+03   4.30647e-05
1.11155e+03   4.28697e-05
1.11305e+03   4.26762e-05
1.11455e+03   4.24840e-05
1.11605e+03   4.22931e-05
1.11755e+03   4.21036e-05
1.11905e+03   4.19153e-05
1.12055e+03   4.17284e-05
1.12205e+03   4.15428e-05
1.12355e+03   4.13584e-05
1.12505e+03   4.11753e-05
1.12655e+03   4.09934e-05
1.12805e+03   4.08128e-05
1.12955e+03   4.06333e-05
1.13105e+03   4.04552e-05
1.13255e+03   4.02782e-05
1.13405e+03   4.01024e-05
1.13555e+03   3.99277e-05
1.13705e+03   3.97543e-05
1.13855e+03   3.95820e-05
1.14005e+03   3.94109e-05
1.14155e+03   3.92409e-05
1.14305e+03   3.90720e-05
1.14455e+03   3.89043e-05
1.14605e+03   3.87376e-05
1.14755e+03   3.85721e-05
1.14905e+03   3.84076e-05
1.15055e+03   3.82442e-05
1.15205e+03   3.80819e-05
1.15355e+03   3.79206e-05
1.15505e+03   3.77604e-05
1.15655e+03   3.76013e-05
1.15805e+03   3.74431e-05
1.15955e+03   3.72860e-05
1.16105e+03   3.71299e-05
1.16255e+03   3.69748e-05
1.16405e+03   3.68207e-05
1.16555e+03   3.66676e-05
1.16705e+03   3.65155e-05
1.16855e+03   3.63643e-05
1.17005e+03   3.62141e-05
1.17155e+03   3.60649e-05
1.17305e+03   3.59165e-05
1.17455e+03   3.57692e-05
1.17605e+03   3.56227e-05
1.17755e+03   3.54772e-05
1.17905e+03   3.53326e-05
1.18055e+03   3.51889e-05
1.18205e+03   3.50461e-05
